/beegfs/easybuild/CentOS/7.6.1810/Skylake/software/MAFFT/7.429-GCC-8.2.0-2.31.1-with-extensions/bin/mafft: Cannot open ./0/fastas/000_550_893.fas.

/beegfs/easybuild/CentOS/7.6.1810/Skylake/software/MAFFT/7.429-GCC-8.2.0-2.31.1-with-extensions/bin/mafft: line 1175: /tmp/mafft.N6jmj3x71g/infile: No such file or directory
awk: fatal: cannot open file `/tmp/mafft.N6jmj3x71g/size' for reading (No such file or directory)
awk: fatal: cannot open file `/tmp/mafft.N6jmj3x71g/size' for reading (No such file or directory)
/beegfs/easybuild/CentOS/7.6.1810/Skylake/software/MAFFT/7.429-GCC-8.2.0-2.31.1-with-extensions/bin/mafft: line 1179: [: too many arguments
/beegfs/easybuild/CentOS/7.6.1810/Skylake/software/MAFFT/7.429-GCC-8.2.0-2.31.1-with-extensions/bin/mafft: line 1184: [: too many arguments
/beegfs/easybuild/CentOS/7.6.1810/Skylake/software/MAFFT/7.429-GCC-8.2.0-2.31.1-with-extensions/bin/mafft: line 1189: [: too many arguments
/beegfs/easybuild/CentOS/7.6.1810/Skylake/software/MAFFT/7.429-GCC-8.2.0-2.31.1-with-extensions/bin/mafft: line 1194: [: -lt: unary operator expected
/beegfs/easybuild/CentOS/7.6.1810/Skylake/software/MAFFT/7.429-GCC-8.2.0-2.31.1-with-extensions/bin/mafft: line 1199: [: -lt: unary operator expected
/beegfs/easybuild/CentOS/7.6.1810/Skylake/software/MAFFT/7.429-GCC-8.2.0-2.31.1-with-extensions/bin/mafft: line 1206: [: -lt: unary operator expected
/beegfs/easybuild/CentOS/7.6.1810/Skylake/software/MAFFT/7.429-GCC-8.2.0-2.31.1-with-extensions/bin/mafft: line 1213: [: -lt: unary operator expected
------------------------------------------------------------------------------
  MAFFT v7.429 (2019/Jul/1)
  https://mafft.cbrc.jp/alignment/software/
  MBE 30:772-780 (2013), NAR 30:3059-3066 (2002)
------------------------------------------------------------------------------
High speed:
  % mafft in > out
  % mafft --retree 1 in > out (fast)

High accuracy (for <~200 sequences x <~2,000 aa/nt):
  % mafft --maxiterate 1000 --localpair  in > out (% linsi in > out is also ok)
  % mafft --maxiterate 1000 --genafpair  in > out (% einsi in > out)
  % mafft --maxiterate 1000 --globalpair in > out (% ginsi in > out)

If unsure which option to use:
  % mafft --auto in > out

--op # :         Gap opening penalty, default: 1.53
--ep # :         Offset (works like gap extension penalty), default: 0.0
--maxiterate # : Maximum number of iterative refinement, default: 0
--clustalout :   Output: clustal format, default: fasta
--reorder :      Outorder: aligned, default: input order
--quiet :        Do not report progress
--thread # :     Number of threads (if unsure, --thread -1)
--dash :         Add structural information (Rozewicki et al, submitted)
